<?xml version="1.0" encoding="UTF-8"?>
<testng-results ignored="0" total="1" passed="1" failed="0" skipped="0">
  <reporter-output>
  </reporter-output>
  <suite started-at="2024-05-24T17:03:32 IST" name="Surefire suite" finished-at="2024-05-24T17:03:33 IST" duration-ms="145">
    <groups>
    </groups>
    <test started-at="2024-05-24T17:03:32 IST" name="Surefire test" finished-at="2024-05-24T17:03:33 IST" duration-ms="145">
      <class name="pumo.E_commerce.AppTest">
        <test-method signature="shouldAnswerWithTrue()" started-at="2024-05-24T17:03:33 IST" name="shouldAnswerWithTrue" finished-at="2024-05-24T17:03:33 IST" duration-ms="24" status="PASS">
          <reporter-output>
          </reporter-output>
        </test-method> <!-- shouldAnswerWithTrue -->
      </class> <!-- pumo.E_commerce.AppTest -->
    </test> <!-- Surefire test -->
  </suite> <!-- Surefire suite -->
</testng-results>
