<?xml version="1.0" encoding="UTF-8"?>
<!-- Generated by org.testng.reporters.JUnitXMLReporter -->
<testsuite ignored="2" hostname="shreesha" failures="0" tests="1" name="Default test" time="47.399" errors="0" timestamp="2024-04-29T18:07:31 IST">
  <testcase classname="test.TestLoginLogoutPage" name="logout" time="23.68"/>
  <testcase classname="test.TestLoginLogoutPage" name="loginwithinvaliddata" time="0.0">
    <ignored/>
  </testcase> <!-- loginwithinvaliddata -->
  <testcase classname="test.TestLoginLogoutPage" name="Loginwithvaliddata" time="0.0">
    <ignored/>
  </testcase> <!-- Loginwithvaliddata -->
</testsuite> <!-- Default test -->
