<?xml version="1.0" encoding="UTF-8"?>
<testng-results ignored="0" total="1" passed="1" failed="0" skipped="0">
  <reporter-output>
  </reporter-output>
  <suite started-at="2024-04-29T18:06:43 IST" name="Default suite" finished-at="2024-04-29T18:07:31 IST" duration-ms="47399">
    <groups>
    </groups>
    <test started-at="2024-04-29T18:06:43 IST" name="Default test" finished-at="2024-04-29T18:07:31 IST" duration-ms="47399">
      <class name="test.TestLoginLogoutPage">
        <test-method is-config="true" signature="setup()[pri:0, instance:test.TestLoginLogoutPage@7d0b7e3c]" started-at="2024-04-29T18:06:43 IST" name="setup" finished-at="2024-04-29T18:07:07 IST" duration-ms="23472" status="PASS">
          <reporter-output>
          </reporter-output>
        </test-method> <!-- setup -->
        <test-method signature="logout()[pri:0, instance:test.TestLoginLogoutPage@7d0b7e3c]" started-at="2024-04-29T18:07:07 IST" name="logout" finished-at="2024-04-29T18:07:31 IST" duration-ms="23680" status="PASS">
          <reporter-output>
          </reporter-output>
        </test-method> <!-- logout -->
      </class> <!-- test.TestLoginLogoutPage -->
    </test> <!-- Default test -->
  </suite> <!-- Default suite -->
</testng-results>
